<?xml version="1.0" encoding="UTF-8"?>
<!-- Generated by org.testng.reporters.JUnitReportReporter -->
<testsuite hostname="LAPTOP-GAUPM6CM" failures="0" tests="1" name="testscripts.regression.ValidateLoginPOMandDataProvider" time="39.061" errors="0" timestamp="2024-09-28T09:22:37 IST" skipped="0">
  <testcase classname="testscripts.regression.ValidateLoginPOMandDataProvider" name="validateLoginTest" time="39.061"/>
</testsuite> <!-- testscripts.regression.ValidateLoginPOMandDataProvider -->
