<?xml version="1.0" encoding="UTF-8"?>
<!-- Generated by org.testng.reporters.JUnitReportReporter -->
<testsuite hostname="LAPTOP-GAUPM6CM" failures="0" tests="1" name="testscripts.regression.ValidateLoginUsingDataProviderExcel" time="7.011" errors="0" timestamp="2024-09-26T08:53:36 IST" skipped="0">
  <testcase classname="testscripts.regression.ValidateLoginUsingDataProviderExcel" name="validateLoginTest1" time="7.011"/>
</testsuite> <!-- testscripts.regression.ValidateLoginUsingDataProviderExcel -->
