<?xml version="1.0" encoding="UTF-8"?>
<!-- Generated by org.testng.reporters.JUnitReportReporter -->
<testsuite hostname="LAPTOP-GAUPM6CM" failures="0" tests="4" name="testscripts.regression.ValidateLogin" time="31.652" errors="0" timestamp="2024-09-29T09:19:15 IST" skipped="0">
  <testcase classname="testscripts.regression.ValidateLogin" name="validateLoginTest2" time="7.058"/>
  <testcase classname="testscripts.regression.ValidateLogin" name="validateLoginTest3" time="7.030"/>
  <testcase classname="testscripts.regression.ValidateLogin" name="validateLoginTest1" time="9.261"/>
  <testcase classname="testscripts.regression.ValidateLogin" name="validateLoginTest4" time="8.303"/>
</testsuite> <!-- testscripts.regression.ValidateLogin -->
