<?xml version="1.0" encoding="UTF-8"?>
<!-- Generated by org.testng.reporters.JUnitReportReporter -->
<testsuite hostname="LAPTOP-GAUPM6CM" failures="0" tests="1" name="testscripts.regression.ToVerifyWhetherthedatadisplayedissameastheselecteddatainBookhotelpage" time="17.590" errors="0" timestamp="2024-09-25T09:07:20 IST" skipped="0">
  <testcase classname="testscripts.regression.ToVerifyWhetherthedatadisplayedissameastheselecteddatainBookhotelpage" name="validateDataDiplayed" time="17.590"/>
</testsuite> <!-- testscripts.regression.ToVerifyWhetherthedatadisplayedissameastheselecteddatainBookhotelpage -->
