<?xml version="1.0" encoding="UTF-8"?>
<!-- Generated by org.testng.reporters.JUnitReportReporter -->
<testsuite hostname="LAPTOP-GAUPM6CM" failures="0" tests="4" name="testscripts.regression.ValidateLogin" time="32.554" errors="0" timestamp="2024-09-26T08:53:36 IST" skipped="0">
  <testcase classname="testscripts.regression.ValidateLogin" name="validateLoginTest4" time="8.360"/>
  <testcase classname="testscripts.regression.ValidateLogin" name="validateLoginTest1" time="8.652"/>
  <testcase classname="testscripts.regression.ValidateLogin" name="validateLoginTest2" time="7.234"/>
  <testcase classname="testscripts.regression.ValidateLogin" name="validateLoginTest3" time="8.308"/>
</testsuite> <!-- testscripts.regression.ValidateLogin -->
