<?xml version="1.0" encoding="UTF-8"?>
<!-- Generated by org.testng.reporters.JUnitReportReporter -->
<testsuite hostname="LAPTOP-GAUPM6CM" failures="0" tests="1" name="testscripts.regression.ValidateLoginUsingKeywords" time="14.329" errors="0" timestamp="2024-09-26T08:53:36 IST" skipped="0">
  <testcase classname="testscripts.regression.ValidateLoginUsingKeywords" name="validateLoginTest" time="14.329"/>
</testsuite> <!-- testscripts.regression.ValidateLoginUsingKeywords -->
