<?xml version="1.0" encoding="UTF-8"?>
<!-- Generated by org.testng.reporters.JUnitReportReporter -->
<testsuite hostname="LAPTOP-GAUPM6CM" failures="0" tests="1" name="testscripts.regression.ValidateLoginPOM" time="39.153" errors="0" timestamp="2024-09-26T08:53:36 IST" skipped="0">
  <testcase classname="testscripts.regression.ValidateLoginPOM" name="validateLoginTest" time="39.153"/>
</testsuite> <!-- testscripts.regression.ValidateLoginPOM -->
